INFO:  latexindent.exe version 3.11, 2021-07-31, a script to indent .tex files
       latexindent.exe lives here: E:/Software/texlive/2021/bin/win32/
       Thu Feb 15 19:28:18 2024
       Filename: f:/Files/Github/HKUST_TOPIC/Dissertation/Chapters/__latexindent_temp_Deterministic.tex
INFO:  Processing switches:
       -y|--yaml: YAML settings specified via command line
       -c|--cruft: cruft directory
INFO:  Directory for backup files and f:/Files/Github/HKUST_TOPIC/Dissertation//indent.log: f:/Files/Github/HKUST_TOPIC/Dissertation/
INFO:  YAML settings read: defaultSettings.yaml
       Reading defaultSettings.yaml from E:/Software/texlive/2021/bin/win32/defaultSettings.yaml
       Reading defaultSettings.yaml (2nd attempt, TeXLive, Windows) from E:/Software/texlive/2021/bin/win32/../../texmf-dist/scripts/latexindent/defaultSettings.yaml
INFO:  YAML settings read: indentconfig.yaml or .indentconfig.yaml
       Home directory is C:\Users\zligr (didn't find either indentconfig.yaml or .indentconfig.yaml)
       To specify user settings you would put indentconfig.yaml here: C:\Users\zligr/indentconfig.yaml
       Alternatively, you can use the hidden file .indentconfig.yaml as: C:\Users\zligr/.indentconfig.yaml
INFO:  YAML settings read: -y switch
       YAML setting: defaultIndent:'  '
       Updating masterSettings with defaultIndent:   
INFO:  Phase 1: searching for objects
INFO:  Phase 2: finding surrounding indentation
INFO:  Phase 3: indenting objects
INFO:  Phase 4: final indentation check
INFO:  Output routine:
       Not outputting to file; see -w and -o switches for more options.
       --------------
INFO:  Please direct all communication/issues to:
        https://github.com/cmhughes/latexindent.pl
