\BOOKMARK [2][-]{subsection.0.1}{\376\377\000B\000r\000a\000n\000c\000h\000\040\000A\000n\000d\000\040\000P\000r\000i\000c\000e}{}% 1
\BOOKMARK [2][-]{subsection.0.2}{\376\377\000C\000o\000l\000u\000m\000n\000-\000a\000n\000d\000-\000c\000u\000t\000\040\000g\000e\000n\000e\000r\000a\000t\000i\000o\000n}{}% 2
\BOOKMARK [2][-]{subsection.0.3}{\376\377\000O\000c\000c\000u\000p\000a\000n\000c\000y}{}% 3
\BOOKMARK [2][-]{subsection.0.4}{\376\377\000D\000e\000t\000a\000i\000l\000s\000\040\000a\000b\000o\000u\000t\000\040\000t\000h\000e\000\040\000i\000n\000i\000t\000i\000a\000l\000\040\000c\000u\000t\000t\000i\000n\000g\000\040\000p\000a\000t\000t\000e\000r\000n}{}% 4
\BOOKMARK [2][-]{subsection.0.5}{\376\377\000C\000o\000m\000p\000l\000e\000x\000i\000t\000y\000\040\000a\000b\000o\000u\000t\000\040\000t\000h\000e\000\040\000n\000u\000m\000b\000e\000r\000\040\000o\000f\000\040\000c\000u\000t\000t\000i\000n\000g\000\040\000p\000a\000t\000t\000e\000r\000n\000s}{}% 5
\BOOKMARK [2][-]{subsection.0.6}{\376\377\000H\000o\000w\000\040\000t\000o\000\040\000g\000e\000n\000e\000r\000a\000t\000e\000\040\000a\000n\000\040\000i\000n\000t\000e\000g\000r\000a\000l\000\040\000d\000e\000m\000a\000n\000d\000\040\000f\000r\000o\000m\000\040\000a\000\040\000f\000r\000a\000c\000t\000i\000o\000n\000a\000l\000\040\000d\000e\000m\000a\000n\000d}{}% 6
\BOOKMARK [2][-]{subsection.0.7}{\376\377\000T\000w\000o\000\040\000a\000d\000j\000a\000c\000e\000n\000t\000\040\000g\000r\000o\000u\000p\000\040\000t\000y\000p\000e\000s\000\040\000m\000o\000d\000e\000l}{}% 7
\BOOKMARK [2][-]{subsection.0.8}{\376\377\000[\000a\000,\000b\000]}{}% 8
\BOOKMARK [2][-]{subsection.0.9}{\376\377\000[\000a\000,\000b\000,\000c\000]}{}% 9
\BOOKMARK [3][-]{subsubsection.0.9.1}{\376\377\000[\0002\000,\0003\000,\0004\000]}{subsection.0.9}% 10
\BOOKMARK [3][-]{subsubsection.0.9.2}{\376\377\000[\0002\000,\0003\000,\0005\000]}{subsection.0.9}% 11
\BOOKMARK [3][-]{subsubsection.0.9.3}{\376\377\000[\0002\000,\0004\000,\0005\000]}{subsection.0.9}% 12
\BOOKMARK [3][-]{subsubsection.0.9.4}{\376\377\000[\0003\000,\0004\000,\0005\000]}{subsection.0.9}% 13
\BOOKMARK [2][-]{subsection.0.10}{\376\377\000[\0002\000,\0003\000,\0004\000,\0005\000]}{}% 14
\BOOKMARK [3][-]{subsubsection.0.10.1}{\376\377\000C\000o\000l\000u\000m\000n\000-\000a\000n\000d\000-\000c\000u\000t\000\040\000g\000e\000n\000e\000r\000a\000t\000i\000o\000n}{subsection.0.10}% 15
\BOOKMARK [2][-]{subsection.0.11}{\376\377\000R\000e\000s\000u\000l\000t\000s\000\040\000o\000f\000\040\000t\000h\000e\000\040\000c\000o\000l\000u\000m\000n\000-\000a\000n\000d\000-\000c\000u\000t\000\040\000m\000e\000t\000h\000o\000d}{}% 16
\BOOKMARK [3][-]{subsubsection.0.11.1}{\376\377\000M\000a\000x\000\040\000r\000e\000g\000r\000e\000t}{subsection.0.11}% 17
\BOOKMARK [3][-]{subsubsection.0.11.2}{\376\377\000T\000w\000o\000-\000s\000t\000a\000g\000e\000\040\000R\000o\000b\000u\000s\000t\000\040\000o\000p\000t\000i\000m\000i\000z\000a\000t\000i\000o\000n}{subsection.0.11}% 18
\BOOKMARK [3][-]{subsubsection.0.11.3}{\376\377\000D\000e\000t\000a\000i\000l\000s}{subsection.0.11}% 19
\BOOKMARK [2][-]{subsection.0.12}{\376\377\000O\000c\000c\000u\000p\000a\000n\000c\000y\000\040\000b\000y\000\040\000t\000h\000e\000\040\000g\000r\000e\000e\000d\000y\000\040\000w\000a\000y}{}% 20
\BOOKMARK [3][-]{subsubsection.0.12.1}{\376\377\000D\000y\000n\000a\000m\000i\000c\000\040\000P\000r\000o\000g\000r\000a\000m\000m\000i\000n\000g}{subsection.0.12}% 21
\BOOKMARK [1][-]{section.1}{\376\377\000L\000i\000t\000e\000r\000a\000t\000u\000r\000e\000\040\000R\000e\000v\000i\000e\000w}{}% 22
