This is pdfTeX, Version 3.141592653-2.6-1.40.23 (TeX Live 2021/W32TeX) (preloaded format=pdflatex 2021.9.1)  2 JAN 2023 14:50
entering extended mode
 restricted \write18 enabled.
 file:line:error style messages enabled.
 %&-line parsing enabled.
**f:/Files/Github/HKUST_TOPIC/SeatAssignment/sum1.tex
(f:/Files/Github/HKUST_TOPIC/SeatAssignment/sum1.tex
LaTeX2e <2021-06-01> patch level 1
L3 programming layer <2021-08-27> (e:/Software/texlive/2021/texmf-dist/tex/latex/base/article.cls
Document Class: article 2021/02/12 v1.4n Standard LaTeX document class
(e:/Software/texlive/2021/texmf-dist/tex/latex/base/size10.clo
File: size10.clo 2021/02/12 v1.4n Standard LaTeX file (size option)
)
\c@part=\count182
\c@section=\count183
\c@subsection=\count184
\c@subsubsection=\count185
\c@paragraph=\count186
\c@subparagraph=\count187
\c@figure=\count188
\c@table=\count189
\abovecaptionskip=\skip47
\belowcaptionskip=\skip48
\bibindent=\dimen138
) (e:/Software/texlive/2021/texmf-dist/tex/latex/graphics/graphicx.sty
Package: graphicx 2020/12/05 v1.2c Enhanced LaTeX Graphics (DPC,SPQR)
 (e:/Software/texlive/2021/texmf-dist/tex/latex/graphics/keyval.sty
Package: keyval 2014/10/28 v1.15 key=value parser (DPC)
\KV@toks@=\toks16
) (e:/Software/texlive/2021/texmf-dist/tex/latex/graphics/graphics.sty
Package: graphics 2021/03/04 v1.4d Standard LaTeX Graphics (DPC,SPQR)
 (e:/Software/texlive/2021/texmf-dist/tex/latex/graphics/trig.sty
Package: trig 2016/01/03 v1.10 sin cos tan (DPC)
) (e:/Software/texlive/2021/texmf-dist/tex/latex/graphics-cfg/graphics.cfg
File: graphics.cfg 2016/06/04 v1.11 sample graphics configuration
)
Package graphics Info: Driver file: pdftex.def on input line 107.
 (e:/Software/texlive/2021/texmf-dist/tex/latex/graphics-def/pdftex.def
File: pdftex.def 2020/10/05 v1.2a Graphics/color driver for pdftex
))
\Gin@req@height=\dimen139
\Gin@req@width=\dimen140
) (e:/Software/texlive/2021/texmf-dist/tex/latex/setspace/setspace.sty
Package: setspace 2011/12/19 v6.7a set line spacing
) (e:/Software/texlive/2021/texmf-dist/tex/latex/tools/indentfirst.sty
Package: indentfirst 1995/11/23 v1.03 Indent first paragraph (DPC)
) (e:/Software/texlive/2021/texmf-dist/tex/latex/amsmath/amsmath.sty
Package: amsmath 2021/04/20 v2.17j AMS math features
\@mathmargin=\skip49

For additional information on amsmath, use the `?' option.
(e:/Software/texlive/2021/texmf-dist/tex/latex/amsmath/amstext.sty
Package: amstext 2000/06/29 v2.01 AMS text
 (e:/Software/texlive/2021/texmf-dist/tex/latex/amsmath/amsgen.sty
File: amsgen.sty 1999/11/30 v2.0 generic functions
\@emptytoks=\toks17
\ex@=\dimen141
)) (e:/Software/texlive/2021/texmf-dist/tex/latex/amsmath/amsbsy.sty
Package: amsbsy 1999/11/29 v1.2d Bold Symbols
\pmbraise@=\dimen142
) (e:/Software/texlive/2021/texmf-dist/tex/latex/amsmath/amsopn.sty
Package: amsopn 2016/03/08 v2.02 operator names
)
\inf@bad=\count190
LaTeX Info: Redefining \frac on input line 234.
\uproot@=\count191
\leftroot@=\count192
LaTeX Info: Redefining \overline on input line 399.
\classnum@=\count193
\DOTSCASE@=\count194
LaTeX Info: Redefining \ldots on input line 496.
LaTeX Info: Redefining \dots on input line 499.
LaTeX Info: Redefining \cdots on input line 620.
\Mathstrutbox@=\box50
\strutbox@=\box51
\big@size=\dimen143
LaTeX Font Info:    Redeclaring font encoding OML on input line 743.
LaTeX Font Info:    Redeclaring font encoding OMS on input line 744.
\macc@depth=\count195
\c@MaxMatrixCols=\count196
\dotsspace@=\muskip16
\c@parentequation=\count197
\dspbrk@lvl=\count198
\tag@help=\toks18
\row@=\count199
\column@=\count266
\maxfields@=\count267
\andhelp@=\toks19
\eqnshift@=\dimen144
\alignsep@=\dimen145
\tagshift@=\dimen146
\tagwidth@=\dimen147
\totwidth@=\dimen148
\lineht@=\dimen149
\@envbody=\toks20
\multlinegap=\skip50
\multlinetaggap=\skip51
\mathdisplay@stack=\toks21
LaTeX Info: Redefining \[ on input line 2923.
LaTeX Info: Redefining \] on input line 2924.
) (e:/Software/texlive/2021/texmf-dist/tex/latex/caption/caption.sty
Package: caption 2020/10/26 v3.5g Customizing captions (AR)
 (e:/Software/texlive/2021/texmf-dist/tex/latex/caption/caption3.sty
Package: caption3 2020/10/21 v2.2e caption3 kernel (AR)
\captionmargin=\dimen150
\captionmargin@=\dimen151
\captionwidth=\dimen152
\caption@tempdima=\dimen153
\caption@indent=\dimen154
\caption@parindent=\dimen155
\caption@hangindent=\dimen156
Package caption Info: Standard document class detected.
)
\c@caption@flags=\count268
\c@continuedfloat=\count269
) (e:/Software/texlive/2021/texmf-dist/tex/latex/subfigure/subfigure.sty
Package: subfigure 2002/03/15 v2.1.5 subfigure package
\subfigtopskip=\skip52
\subfigcapskip=\skip53
\subfigcaptopadj=\dimen157
\subfigbottomskip=\skip54
\subfigcapmargin=\dimen158
\subfiglabelskip=\skip55
\c@subfigure=\count270
\c@lofdepth=\count271
\c@subtable=\count272
\c@lotdepth=\count273

****************************************
* Local config file subfigure.cfg used *
****************************************
(e:/Software/texlive/2021/texmf-dist/tex/latex/subfigure/subfigure.cfg)
\subfig@top=\skip56
\subfig@bottom=\skip57
) (e:/Software/texlive/2021/texmf-dist/tex/latex/amsfonts/amssymb.sty
Package: amssymb 2013/01/14 v3.01 AMS font symbols
 (e:/Software/texlive/2021/texmf-dist/tex/latex/amsfonts/amsfonts.sty
Package: amsfonts 2013/01/14 v3.01 Basic AMSFonts support
\symAMSa=\mathgroup4
\symAMSb=\mathgroup5
LaTeX Font Info:    Redeclaring math symbol \hbar on input line 98.
LaTeX Font Info:    Overwriting math alphabet `\mathfrak' in version `bold'
(Font)                  U/euf/m/n --> U/euf/b/n on input line 106.
)) (e:/Software/texlive/2021/texmf-dist/tex/latex/amscls/amsthm.sty
Package: amsthm 2020/05/29 v2.20.6
\thm@style=\toks22
\thm@bodyfont=\toks23
\thm@headfont=\toks24
\thm@notefont=\toks25
\thm@headpunct=\toks26
\thm@preskip=\skip58
\thm@postskip=\skip59
\thm@headsep=\skip60
\dth@everypar=\toks27
) (e:/Software/texlive/2021/texmf-dist/tex/latex/pdfpages/pdfpages.sty
Package: pdfpages 2021/03/06 v0.5t Insert pages of external PDF documents (AM)
 (e:/Software/texlive/2021/texmf-dist/tex/latex/base/ifthen.sty
Package: ifthen 2020/11/24 v1.1c Standard LaTeX ifthen package (DPC)
) (e:/Software/texlive/2021/texmf-dist/tex/latex/tools/calc.sty
Package: calc 2017/05/25 v4.3 Infix arithmetic (KKT,FJ)
\calc@Acount=\count274
\calc@Bcount=\count275
\calc@Adimen=\dimen159
\calc@Bdimen=\dimen160
\calc@Askip=\skip61
\calc@Bskip=\skip62
LaTeX Info: Redefining \setlength on input line 80.
LaTeX Info: Redefining \addtolength on input line 81.
\calc@Ccount=\count276
\calc@Cskip=\skip63
) (e:/Software/texlive/2021/texmf-dist/tex/latex/eso-pic/eso-pic.sty
Package: eso-pic 2020/10/14 v3.0a eso-pic (RN)
\ESO@tempdima=\dimen161
\ESO@tempdimb=\dimen162
 (e:/Software/texlive/2021/texmf-dist/tex/latex/xcolor/xcolor.sty
Package: xcolor 2016/05/11 v2.12 LaTeX color extensions (UK)
 (e:/Software/texlive/2021/texmf-dist/tex/latex/graphics-cfg/color.cfg
File: color.cfg 2016/01/02 v1.6 sample color configuration
)
Package xcolor Info: Driver file: pdftex.def on input line 225.
Package xcolor Info: Model `cmy' substituted by `cmy0' on input line 1348.
Package xcolor Info: Model `hsb' substituted by `rgb' on input line 1352.
Package xcolor Info: Model `RGB' extended on input line 1364.
Package xcolor Info: Model `HTML' substituted by `rgb' on input line 1366.
Package xcolor Info: Model `Hsb' substituted by `hsb' on input line 1367.
Package xcolor Info: Model `tHsb' substituted by `hsb' on input line 1368.
Package xcolor Info: Model `HSB' substituted by `hsb' on input line 1369.
Package xcolor Info: Model `Gray' substituted by `gray' on input line 1370.
Package xcolor Info: Model `wave' substituted by `hsb' on input line 1371.
))
\AM@pagewidth=\dimen163
\AM@pageheight=\dimen164
\AM@fboxrule=\dimen165
 (e:/Software/texlive/2021/texmf-dist/tex/latex/pdfpages/pppdftex.def
File: pppdftex.def 2021/03/06 v0.5t Pdfpages driver for pdfTeX (AM)
)
\pdfpages@includegraphics@status=\count277
\AM@pagebox=\box52
\AM@global@opts=\toks28
\AM@pagecnt=\count278
\AM@toc@title=\toks29
\c@AM@survey=\count279
\AM@templatesizebox=\box53
) (e:/Software/texlive/2021/texmf-dist/tex/latex/cite/cite.sty
LaTeX Info: Redefining \cite on input line 302.
LaTeX Info: Redefining \nocite on input line 332.
Package: cite 2015/02/27  v 5.5
) (e:/Software/texlive/2021/texmf-dist/tex/latex/hyperref/hyperref.sty
Package: hyperref 2021-06-07 v7.00m Hypertext links for LaTeX
 (e:/Software/texlive/2021/texmf-dist/tex/generic/ltxcmds/ltxcmds.sty
Package: ltxcmds 2020-05-10 v1.25 LaTeX kernel commands for general use (HO)
) (e:/Software/texlive/2021/texmf-dist/tex/generic/iftex/iftex.sty
Package: iftex 2020/03/06 v1.0d TeX engine tests
) (e:/Software/texlive/2021/texmf-dist/tex/generic/pdftexcmds/pdftexcmds.sty
Package: pdftexcmds 2020-06-27 v0.33 Utility functions of pdfTeX for LuaTeX (HO)
 (e:/Software/texlive/2021/texmf-dist/tex/generic/infwarerr/infwarerr.sty
Package: infwarerr 2019/12/03 v1.5 Providing info/warning/error messages (HO)
)
Package pdftexcmds Info: \pdf@primitive is available.
Package pdftexcmds Info: \pdf@ifprimitive is available.
Package pdftexcmds Info: \pdfdraftmode found.
) (e:/Software/texlive/2021/texmf-dist/tex/generic/kvsetkeys/kvsetkeys.sty
Package: kvsetkeys 2019/12/15 v1.18 Key value parser (HO)
) (e:/Software/texlive/2021/texmf-dist/tex/generic/kvdefinekeys/kvdefinekeys.sty
Package: kvdefinekeys 2019-12-19 v1.6 Define keys (HO)
) (e:/Software/texlive/2021/texmf-dist/tex/generic/pdfescape/pdfescape.sty
Package: pdfescape 2019/12/09 v1.15 Implements pdfTeX's escape features (HO)
) (e:/Software/texlive/2021/texmf-dist/tex/latex/hycolor/hycolor.sty
Package: hycolor 2020-01-27 v1.10 Color options for hyperref/bookmark (HO)
) (e:/Software/texlive/2021/texmf-dist/tex/latex/letltxmacro/letltxmacro.sty
Package: letltxmacro 2019/12/03 v1.6 Let assignment for LaTeX macros (HO)
) (e:/Software/texlive/2021/texmf-dist/tex/latex/auxhook/auxhook.sty
Package: auxhook 2019-12-17 v1.6 Hooks for auxiliary files (HO)
) (e:/Software/texlive/2021/texmf-dist/tex/latex/kvoptions/kvoptions.sty
Package: kvoptions 2020-10-07 v3.14 Key value format for package options (HO)
)
\@linkdim=\dimen166
\Hy@linkcounter=\count280
\Hy@pagecounter=\count281
 (e:/Software/texlive/2021/texmf-dist/tex/latex/hyperref/pd1enc.def
File: pd1enc.def 2021-06-07 v7.00m Hyperref: PDFDocEncoding definition (HO)
Now handling font encoding PD1 ...
... no UTF-8 mapping file for font encoding PD1
) (e:/Software/texlive/2021/texmf-dist/tex/latex/hyperref/hyperref-langpatches.def
File: hyperref-langpatches.def 2021-06-07 v7.00m Hyperref: patches for babel languages
) (e:/Software/texlive/2021/texmf-dist/tex/generic/intcalc/intcalc.sty
Package: intcalc 2019/12/15 v1.3 Expandable calculations with integers (HO)
) (e:/Software/texlive/2021/texmf-dist/tex/generic/etexcmds/etexcmds.sty
Package: etexcmds 2019/12/15 v1.7 Avoid name clashes with e-TeX commands (HO)
)
\Hy@SavedSpaceFactor=\count282
 (e:/Software/texlive/2021/texmf-dist/tex/latex/hyperref/puenc.def
File: puenc.def 2021-06-07 v7.00m Hyperref: PDF Unicode definition (HO)
Now handling font encoding PU ...
... no UTF-8 mapping file for font encoding PU
)
Package hyperref Info: Option `colorlinks' set `true' on input line 4073.
Package hyperref Info: Option `CJKbookmarks' set `true' on input line 4073.
Package hyperref Info: Hyper figures OFF on input line 4192.
Package hyperref Info: Link nesting OFF on input line 4197.
Package hyperref Info: Hyper index ON on input line 4200.
Package hyperref Info: Plain pages OFF on input line 4207.
Package hyperref Info: Backreferencing OFF on input line 4212.
Package hyperref Info: Implicit mode ON; LaTeX internals redefined.
Package hyperref Info: Bookmarks ON on input line 4445.
\c@Hy@tempcnt=\count283
 (e:/Software/texlive/2021/texmf-dist/tex/latex/url/url.sty
\Urlmuskip=\muskip17
Package: url 2013/09/16  ver 3.4  Verb mode for urls, etc.
)
LaTeX Info: Redefining \url on input line 4804.
\XeTeXLinkMargin=\dimen167
 (e:/Software/texlive/2021/texmf-dist/tex/generic/bitset/bitset.sty
Package: bitset 2019/12/09 v1.3 Handle bit-vector datatype (HO)
 (e:/Software/texlive/2021/texmf-dist/tex/generic/bigintcalc/bigintcalc.sty
Package: bigintcalc 2019/12/15 v1.5 Expandable calculations on big integers (HO)
))
\Fld@menulength=\count284
\Field@Width=\dimen168
\Fld@charsize=\dimen169
Package hyperref Info: Hyper figures OFF on input line 6076.
Package hyperref Info: Link nesting OFF on input line 6081.
Package hyperref Info: Hyper index ON on input line 6084.
Package hyperref Info: backreferencing OFF on input line 6091.
Package hyperref Info: Link coloring ON on input line 6094.
Package hyperref Info: Link coloring with OCG OFF on input line 6101.
Package hyperref Info: PDF/A mode OFF on input line 6106.
LaTeX Info: Redefining \ref on input line 6146.
LaTeX Info: Redefining \pageref on input line 6150.
 (e:/Software/texlive/2021/texmf-dist/tex/latex/base/atbegshi-ltx.sty
Package: atbegshi-ltx 2021/01/10 v1.0c Emulation of the original atbegshi
package with kernel methods
)
\Hy@abspage=\count285
\c@Item=\count286
\c@Hfootnote=\count287
)
Package hyperref Info: Driver (autodetected): hpdftex.
 (e:/Software/texlive/2021/texmf-dist/tex/latex/hyperref/hpdftex.def
File: hpdftex.def 2021-06-07 v7.00m Hyperref driver for pdfTeX
 (e:/Software/texlive/2021/texmf-dist/tex/latex/base/atveryend-ltx.sty
Package: atveryend-ltx 2020/08/19 v1.0a Emulation of the original atvery package
with kernel methods
)
\Fld@listcount=\count288
\c@bookmark@seq@number=\count289
 (e:/Software/texlive/2021/texmf-dist/tex/latex/rerunfilecheck/rerunfilecheck.sty
Package: rerunfilecheck 2019/12/05 v1.9 Rerun checks for auxiliary files (HO)
 (e:/Software/texlive/2021/texmf-dist/tex/generic/uniquecounter/uniquecounter.sty
Package: uniquecounter 2019/12/15 v1.4 Provide unlimited unique counter (HO)
)
Package uniquecounter Info: New unique counter `rerunfilecheck' on input line 286.
)
\Hy@SectionHShift=\skip64
) (e:/Software/texlive/2021/texmf-dist/tex/latex/algorithms/algorithm.sty
Package: algorithm 2009/08/24 v0.1 Document Style `algorithm' - floating environment
 (e:/Software/texlive/2021/texmf-dist/tex/latex/float/float.sty
Package: float 2001/11/08 v1.3d Float enhancements (AL)
\c@float@type=\count290
\float@exts=\toks30
\float@box=\box54
\@float@everytoks=\toks31
\@floatcapt=\box55
)
\@float@every@algorithm=\toks32
\c@algorithm=\count291
) (e:/Software/texlive/2021/texmf-dist/tex/latex/geometry/geometry.sty
Package: geometry 2020/01/02 v5.9 Page Geometry
 (e:/Software/texlive/2021/texmf-dist/tex/generic/iftex/ifvtex.sty
Package: ifvtex 2019/10/25 v1.7 ifvtex legacy package. Use iftex instead.
)
\Gm@cnth=\count292
\Gm@cntv=\count293
\c@Gm@tempcnt=\count294
\Gm@bindingoffset=\dimen170
\Gm@wd@mp=\dimen171
\Gm@odd@mp=\dimen172
\Gm@even@mp=\dimen173
\Gm@layoutwidth=\dimen174
\Gm@layoutheight=\dimen175
\Gm@layouthoffset=\dimen176
\Gm@layoutvoffset=\dimen177
\Gm@dimlist=\toks33
)
\c@thm=\count295
\c@lem=\count296
\c@remark=\count297
\c@corollary=\count298
\c@definition=\count299
 (e:/Software/texlive/2021/texmf-dist/tex/latex/l3backend/l3backend-pdftex.def
File: l3backend-pdftex.def 2021-08-04 L3 backend support: PDF output (pdfTeX)
\l__color_backend_stack_int=\count300
\l__pdf_internal_box=\box56
) (./sum1.aux)
\openout1 = `sum1.aux'.

LaTeX Font Info:    Checking defaults for OML/cmm/m/it on input line 46.
LaTeX Font Info:    ... okay on input line 46.
LaTeX Font Info:    Checking defaults for OMS/cmsy/m/n on input line 46.
LaTeX Font Info:    ... okay on input line 46.
LaTeX Font Info:    Checking defaults for OT1/cmr/m/n on input line 46.
LaTeX Font Info:    ... okay on input line 46.
LaTeX Font Info:    Checking defaults for T1/cmr/m/n on input line 46.
LaTeX Font Info:    ... okay on input line 46.
LaTeX Font Info:    Checking defaults for TS1/cmr/m/n on input line 46.
LaTeX Font Info:    ... okay on input line 46.
LaTeX Font Info:    Checking defaults for OMX/cmex/m/n on input line 46.
LaTeX Font Info:    ... okay on input line 46.
LaTeX Font Info:    Checking defaults for U/cmr/m/n on input line 46.
LaTeX Font Info:    ... okay on input line 46.
LaTeX Font Info:    Checking defaults for PD1/pdf/m/n on input line 46.
LaTeX Font Info:    ... okay on input line 46.
LaTeX Font Info:    Checking defaults for PU/pdf/m/n on input line 46.
LaTeX Font Info:    ... okay on input line 46.
 (e:/Software/texlive/2021/texmf-dist/tex/context/base/mkii/supp-pdf.mkii
[Loading MPS to PDF converter (version 2006.09.02).]
\scratchcounter=\count301
\scratchdimen=\dimen178
\scratchbox=\box57
\nofMPsegments=\count302
\nofMParguments=\count303
\everyMPshowfont=\toks34
\MPscratchCnt=\count304
\MPscratchDim=\dimen179
\MPnumerator=\count305
\makeMPintoPDFobject=\count306
\everyMPtoPDFconversion=\toks35
) (e:/Software/texlive/2021/texmf-dist/tex/latex/epstopdf-pkg/epstopdf-base.sty
Package: epstopdf-base 2020-01-24 v2.11 Base part for package epstopdf
Package epstopdf-base Info: Redefining graphics rule for `.eps' on input line 485.
 (e:/Software/texlive/2021/texmf-dist/tex/latex/latexconfig/epstopdf-sys.cfg
File: epstopdf-sys.cfg 2010/07/13 v1.3 Configuration of (r)epstopdf for TeX Live
))
Package caption Info: Begin \AtBeginDocument code.
Package caption Info: float package is loaded.
Package caption Info: hyperref package is loaded.
Package caption Info: subfigure package is loaded.
Package caption Info: End \AtBeginDocument code.
 (e:/Software/texlive/2021/texmf-dist/tex/latex/pdflscape/pdflscape.sty
Package: pdflscape 2019/12/05 v0.12 Display of landscape pages in PDF (HO)
 (e:/Software/texlive/2021/texmf-dist/tex/latex/graphics/lscape.sty
Package: lscape 2020/05/28 v3.02 Landscape Pages (DPC)
)
Package pdflscape Info: Auto-detected driver: pdftex on input line 81.
)
Package hyperref Info: Link coloring ON on input line 46.
 (e:/Software/texlive/2021/texmf-dist/tex/latex/hyperref/nameref.sty
Package: nameref 2021-04-02 v2.47 Cross-referencing by name of section
 (e:/Software/texlive/2021/texmf-dist/tex/latex/refcount/refcount.sty
Package: refcount 2019/12/15 v3.6 Data extraction from label references (HO)
) (e:/Software/texlive/2021/texmf-dist/tex/generic/gettitlestring/gettitlestring.sty
Package: gettitlestring 2019/12/15 v1.6 Cleanup title references (HO)
)
\c@section@level=\count307
)
LaTeX Info: Redefining \ref on input line 46.
LaTeX Info: Redefining \pageref on input line 46.
LaTeX Info: Redefining \nameref on input line 46.
 (./sum1.out) (./sum1.out)
\@outlinefile=\write3
\openout3 = `sum1.out'.


*geometry* driver: auto-detecting
*geometry* detected driver: pdftex
*geometry* verbose mode - [ preamble ] result:
* driver: pdftex
* paper: a4paper
* layout: <same size as paper>
* layoutoffset:(h,v)=(0.0pt,0.0pt)
* modes: 
* h-part:(L,W,R)=(56.9055pt, 483.69687pt, 56.9055pt)
* v-part:(T,H,B)=(85.35826pt, 674.33032pt, 85.35826pt)
* \paperwidth=597.50787pt
* \paperheight=845.04684pt
* \textwidth=483.69687pt
* \textheight=674.33032pt
* \oddsidemargin=-15.36449pt
* \evensidemargin=-15.36449pt
* \topmargin=-23.91173pt
* \headheight=12.0pt
* \headsep=25.0pt
* \topskip=10.0pt
* \footskip=30.0pt
* \marginparwidth=65.0pt
* \marginparsep=11.0pt
* \columnsep=10.0pt
* \skip\footins=9.0pt plus 4.0pt minus 2.0pt
* \hoffset=0.0pt
* \voffset=0.0pt
* \mag=1000
* \@twocolumnfalse
* \@twosidefalse
* \@mparswitchfalse
* \@reversemarginfalse
* (1in=72.27pt=25.4mm, 1cm=28.453pt)

LaTeX Font Info:    Trying to load font information for U+msa on input line 47.
(e:/Software/texlive/2021/texmf-dist/tex/latex/amsfonts/umsa.fd
File: umsa.fd 2013/01/14 v3.01 AMS symbols A
)
LaTeX Font Info:    Trying to load font information for U+msb on input line 47.
 (e:/Software/texlive/2021/texmf-dist/tex/latex/amsfonts/umsb.fd
File: umsb.fd 2013/01/14 v3.01 AMS symbols B
) (./Chapters/Abstract.tex) (./Chapters/Introduction.tex [1

{e:/Software/texlive/2021/texmf-var/fonts/map/pdftex/updmap/pdftex.map}] [2]) (./Chapters/Literature-review.tex [3]) (./Chapters/Problem-description.tex [4]) (./Chapters/Deterministic-form.tex [5] [6]) (./Chapters/Stochastic-form.tex [7] [8] [9] [10] [11]
Package hyperref Info: bookmark level for unknown algorithm defaults to 0 on input line 255.
 [12] [13] [14] [15]) (./Chapters/Dynamic-form.tex [16] [17] [18] [19]) (./Chapters/Results.tex [20] [21]) (./Chapters/Conclusion.tex) (./sum1.bbl [22]) (./Chapters/Proof.tex [23]) (./Chapters/Res_app.tex

pdfTeX warning: pdflatex.exe (file ./Figures/Periods_3511.pdf): PDF inclusion: found PDF version <1.6>, but at most version <1.5> allowed
<./Figures/Periods_3511.pdf, id=323, 597.23125pt x 845.1575pt>
File: ./Figures/Periods_3511.pdf Graphic file (type pdf)
<use ./Figures/Periods_3511.pdf>
Package pdftex.def Info: ./Figures/Periods_3511.pdf  used on input line 3.
(pdftex.def)             Requested size: 597.22978pt x 845.15544pt.


pdfTeX warning: pdflatex.exe (file ./Figures/Periods_3511.pdf): PDF inclusion: found PDF version <1.6>, but at most version <1.5> allowed
File: ./Figures/Periods_3511.pdf Graphic file (type pdf)
<use ./Figures/Periods_3511.pdf>
Package pdftex.def Info: ./Figures/Periods_3511.pdf  used on input line 3.
(pdftex.def)             Requested size: 597.22978pt x 845.15544pt.


pdfTeX warning: pdflatex.exe (file ./Figures/Periods_3511.pdf): PDF inclusion: found PDF version <1.6>, but at most version <1.5> allowed


pdfTeX warning: pdflatex.exe (file ./Figures/Periods_3511.pdf): PDF inclusion: found PDF version <1.6>, but at most version <1.5> allowed
<./Figures/Periods_3511.pdf, id=326, page=1, 597.23125pt x 845.1575pt>
File: ./Figures/Periods_3511.pdf Graphic file (type pdf)
<use ./Figures/Periods_3511.pdf, page 1>
Package pdftex.def Info: ./Figures/Periods_3511.pdf , page1 used on input line 3.
(pdftex.def)             Requested size: 597.22978pt x 845.15544pt.
File: ./Figures/Periods_3511.pdf Graphic file (type pdf)
<use ./Figures/Periods_3511.pdf, page 1>
Package pdftex.def Info: ./Figures/Periods_3511.pdf , page1 used on input line 3.
(pdftex.def)             Requested size: 597.25711pt x 845.19412pt.
[24

]
File: ./Figures/Periods_3511.pdf Graphic file (type pdf)
<use ./Figures/Periods_3511.pdf, page 1>
Package pdftex.def Info: ./Figures/Periods_3511.pdf , page1 used on input line 3.
(pdftex.def)             Requested size: 597.25711pt x 845.19412pt.
File: ./Figures/Periods_3511.pdf Graphic file (type pdf)
<use ./Figures/Periods_3511.pdf, page 1>
Package pdftex.def Info: ./Figures/Periods_3511.pdf , page1 used on input line 3.
(pdftex.def)             Requested size: 597.25711pt x 845.19412pt.
File: ./Figures/Periods_3511.pdf Graphic file (type pdf)
<use ./Figures/Periods_3511.pdf, page 1>
Package pdftex.def Info: ./Figures/Periods_3511.pdf , page1 used on input line 3.
(pdftex.def)             Requested size: 597.25711pt x 845.19412pt.
 [25 <./Figures/Periods_3511.pdf>]

pdfTeX warning: pdflatex.exe (file ./Figures/Periods_4321.pdf): PDF inclusion: found PDF version <1.6>, but at most version <1.5> allowed
<./Figures/Periods_4321.pdf, id=343, 597.23125pt x 845.1575pt>
File: ./Figures/Periods_4321.pdf Graphic file (type pdf)
<use ./Figures/Periods_4321.pdf>
Package pdftex.def Info: ./Figures/Periods_4321.pdf  used on input line 5.
(pdftex.def)             Requested size: 597.22978pt x 845.15544pt.


pdfTeX warning: pdflatex.exe (file ./Figures/Periods_4321.pdf): PDF inclusion: found PDF version <1.6>, but at most version <1.5> allowed
File: ./Figures/Periods_4321.pdf Graphic file (type pdf)
<use ./Figures/Periods_4321.pdf>
Package pdftex.def Info: ./Figures/Periods_4321.pdf  used on input line 5.
(pdftex.def)             Requested size: 597.22978pt x 845.15544pt.


pdfTeX warning: pdflatex.exe (file ./Figures/Periods_4321.pdf): PDF inclusion: found PDF version <1.6>, but at most version <1.5> allowed


pdfTeX warning: pdflatex.exe (file ./Figures/Periods_4321.pdf): PDF inclusion: found PDF version <1.6>, but at most version <1.5> allowed
<./Figures/Periods_4321.pdf, id=346, page=1, 597.23125pt x 845.1575pt>
File: ./Figures/Periods_4321.pdf Graphic file (type pdf)
<use ./Figures/Periods_4321.pdf, page 1>
Package pdftex.def Info: ./Figures/Periods_4321.pdf , page1 used on input line 5.
(pdftex.def)             Requested size: 597.22978pt x 845.15544pt.
File: ./Figures/Periods_4321.pdf Graphic file (type pdf)
<use ./Figures/Periods_4321.pdf, page 1>
Package pdftex.def Info: ./Figures/Periods_4321.pdf , page1 used on input line 5.
(pdftex.def)             Requested size: 597.25711pt x 845.19412pt.
File: ./Figures/Periods_4321.pdf Graphic file (type pdf)
<use ./Figures/Periods_4321.pdf, page 1>
Package pdftex.def Info: ./Figures/Periods_4321.pdf , page1 used on input line 5.
(pdftex.def)             Requested size: 597.25711pt x 845.19412pt.
File: ./Figures/Periods_4321.pdf Graphic file (type pdf)
<use ./Figures/Periods_4321.pdf, page 1>
Package pdftex.def Info: ./Figures/Periods_4321.pdf , page1 used on input line 5.
(pdftex.def)             Requested size: 597.25711pt x 845.19412pt.
File: ./Figures/Periods_4321.pdf Graphic file (type pdf)
<use ./Figures/Periods_4321.pdf, page 1>
Package pdftex.def Info: ./Figures/Periods_4321.pdf , page1 used on input line 5.
(pdftex.def)             Requested size: 597.25711pt x 845.19412pt.
[26 <./Figures/Periods_4321.pdf>]

pdfTeX warning: pdflatex.exe (file ./Figures/Periods_25252525.pdf): PDF inclusion: found PDF version <1.6>, but at most version <1.5> allowed
<./Figures/Periods_25252525.pdf, id=357, 597.23125pt x 845.1575pt>
File: ./Figures/Periods_25252525.pdf Graphic file (type pdf)
<use ./Figures/Periods_25252525.pdf>
Package pdftex.def Info: ./Figures/Periods_25252525.pdf  used on input line 7.
(pdftex.def)             Requested size: 597.22978pt x 845.15544pt.


pdfTeX warning: pdflatex.exe (file ./Figures/Periods_25252525.pdf): PDF inclusion: found PDF version <1.6>, but at most version <1.5> allowed
File: ./Figures/Periods_25252525.pdf Graphic file (type pdf)
<use ./Figures/Periods_25252525.pdf>
Package pdftex.def Info: ./Figures/Periods_25252525.pdf  used on input line 7.
(pdftex.def)             Requested size: 597.22978pt x 845.15544pt.


pdfTeX warning: pdflatex.exe (file ./Figures/Periods_25252525.pdf): PDF inclusion: found PDF version <1.6>, but at most version <1.5> allowed


pdfTeX warning: pdflatex.exe (file ./Figures/Periods_25252525.pdf): PDF inclusion: found PDF version <1.6>, but at most version <1.5> allowed
<./Figures/Periods_25252525.pdf, id=360, page=1, 597.23125pt x 845.1575pt>
File: ./Figures/Periods_25252525.pdf Graphic file (type pdf)
<use ./Figures/Periods_25252525.pdf, page 1>
Package pdftex.def Info: ./Figures/Periods_25252525.pdf , page1 used on input line 7.
(pdftex.def)             Requested size: 597.22978pt x 845.15544pt.
File: ./Figures/Periods_25252525.pdf Graphic file (type pdf)
<use ./Figures/Periods_25252525.pdf, page 1>
Package pdftex.def Info: ./Figures/Periods_25252525.pdf , page1 used on input line 7.
(pdftex.def)             Requested size: 597.25711pt x 845.19412pt.
File: ./Figures/Periods_25252525.pdf Graphic file (type pdf)
<use ./Figures/Periods_25252525.pdf, page 1>
Package pdftex.def Info: ./Figures/Periods_25252525.pdf , page1 used on input line 7.
(pdftex.def)             Requested size: 597.25711pt x 845.19412pt.
File: ./Figures/Periods_25252525.pdf Graphic file (type pdf)
<use ./Figures/Periods_25252525.pdf, page 1>
Package pdftex.def Info: ./Figures/Periods_25252525.pdf , page1 used on input line 7.
(pdftex.def)             Requested size: 597.25711pt x 845.19412pt.
File: ./Figures/Periods_25252525.pdf Graphic file (type pdf)
<use ./Figures/Periods_25252525.pdf, page 1>
Package pdftex.def Info: ./Figures/Periods_25252525.pdf , page1 used on input line 7.
(pdftex.def)             Requested size: 597.25711pt x 845.19412pt.
[27 <./Figures/Periods_25252525.pdf>]

pdfTeX warning: pdflatex.exe (file ./Figures/Results_2T.pdf): PDF inclusion: found PDF version <1.6>, but at most version <1.5> allowed
<./Figures/Results_2T.pdf, id=371, 597.23125pt x 845.1575pt>
File: ./Figures/Results_2T.pdf Graphic file (type pdf)
<use ./Figures/Results_2T.pdf>
Package pdftex.def Info: ./Figures/Results_2T.pdf  used on input line 9.
(pdftex.def)             Requested size: 597.22978pt x 845.15544pt.


pdfTeX warning: pdflatex.exe (file ./Figures/Results_2T.pdf): PDF inclusion: found PDF version <1.6>, but at most version <1.5> allowed
File: ./Figures/Results_2T.pdf Graphic file (type pdf)
<use ./Figures/Results_2T.pdf>
Package pdftex.def Info: ./Figures/Results_2T.pdf  used on input line 9.
(pdftex.def)             Requested size: 597.22978pt x 845.15544pt.


pdfTeX warning: pdflatex.exe (file ./Figures/Results_2T.pdf): PDF inclusion: found PDF version <1.6>, but at most version <1.5> allowed


pdfTeX warning: pdflatex.exe (file ./Figures/Results_2T.pdf): PDF inclusion: found PDF version <1.6>, but at most version <1.5> allowed
<./Figures/Results_2T.pdf, id=374, page=1, 597.23125pt x 845.1575pt>
File: ./Figures/Results_2T.pdf Graphic file (type pdf)
<use ./Figures/Results_2T.pdf, page 1>
Package pdftex.def Info: ./Figures/Results_2T.pdf , page1 used on input line 9.
(pdftex.def)             Requested size: 597.22978pt x 845.15544pt.
File: ./Figures/Results_2T.pdf Graphic file (type pdf)
<use ./Figures/Results_2T.pdf, page 1>
Package pdftex.def Info: ./Figures/Results_2T.pdf , page1 used on input line 9.
(pdftex.def)             Requested size: 597.25711pt x 845.19412pt.
File: ./Figures/Results_2T.pdf Graphic file (type pdf)
<use ./Figures/Results_2T.pdf, page 1>
Package pdftex.def Info: ./Figures/Results_2T.pdf , page1 used on input line 9.
(pdftex.def)             Requested size: 597.25711pt x 845.19412pt.
File: ./Figures/Results_2T.pdf Graphic file (type pdf)
<use ./Figures/Results_2T.pdf, page 1>
Package pdftex.def Info: ./Figures/Results_2T.pdf , page1 used on input line 9.
(pdftex.def)             Requested size: 597.25711pt x 845.19412pt.
File: ./Figures/Results_2T.pdf Graphic file (type pdf)
<use ./Figures/Results_2T.pdf, page 1>
Package pdftex.def Info: ./Figures/Results_2T.pdf , page1 used on input line 9.
(pdftex.def)             Requested size: 597.25711pt x 845.19412pt.
[28 <./Figures/Results_2T.pdf>]

pdfTeX warning: pdflatex.exe (file ./Figures/Results_25T.pdf): PDF inclusion: found PDF version <1.6>, but at most version <1.5> allowed
<./Figures/Results_25T.pdf, id=385, 597.23125pt x 845.1575pt>
File: ./Figures/Results_25T.pdf Graphic file (type pdf)
<use ./Figures/Results_25T.pdf>
Package pdftex.def Info: ./Figures/Results_25T.pdf  used on input line 11.
(pdftex.def)             Requested size: 597.22978pt x 845.15544pt.


pdfTeX warning: pdflatex.exe (file ./Figures/Results_25T.pdf): PDF inclusion: found PDF version <1.6>, but at most version <1.5> allowed
File: ./Figures/Results_25T.pdf Graphic file (type pdf)
<use ./Figures/Results_25T.pdf>
Package pdftex.def Info: ./Figures/Results_25T.pdf  used on input line 11.
(pdftex.def)             Requested size: 597.22978pt x 845.15544pt.


pdfTeX warning: pdflatex.exe (file ./Figures/Results_25T.pdf): PDF inclusion: found PDF version <1.6>, but at most version <1.5> allowed


pdfTeX warning: pdflatex.exe (file ./Figures/Results_25T.pdf): PDF inclusion: found PDF version <1.6>, but at most version <1.5> allowed
<./Figures/Results_25T.pdf, id=388, page=1, 597.23125pt x 845.1575pt>
File: ./Figures/Results_25T.pdf Graphic file (type pdf)
<use ./Figures/Results_25T.pdf, page 1>
Package pdftex.def Info: ./Figures/Results_25T.pdf , page1 used on input line 11.
(pdftex.def)             Requested size: 597.22978pt x 845.15544pt.
File: ./Figures/Results_25T.pdf Graphic file (type pdf)
<use ./Figures/Results_25T.pdf, page 1>
Package pdftex.def Info: ./Figures/Results_25T.pdf , page1 used on input line 11.
(pdftex.def)             Requested size: 597.25711pt x 845.19412pt.
File: ./Figures/Results_25T.pdf Graphic file (type pdf)
<use ./Figures/Results_25T.pdf, page 1>
Package pdftex.def Info: ./Figures/Results_25T.pdf , page1 used on input line 11.
(pdftex.def)             Requested size: 597.25711pt x 845.19412pt.
File: ./Figures/Results_25T.pdf Graphic file (type pdf)
<use ./Figures/Results_25T.pdf, page 1>
Package pdftex.def Info: ./Figures/Results_25T.pdf , page1 used on input line 11.
(pdftex.def)             Requested size: 597.25711pt x 845.19412pt.
File: ./Figures/Results_25T.pdf Graphic file (type pdf)
<use ./Figures/Results_25T.pdf, page 1>
Package pdftex.def Info: ./Figures/Results_25T.pdf , page1 used on input line 11.
(pdftex.def)             Requested size: 597.25711pt x 845.19412pt.
[29 <./Figures/Results_25T.pdf>]) (./sum1.aux)
Package rerunfilecheck Info: File `sum1.out' has not changed.
(rerunfilecheck)             Checksum: 54D17E6692EB45CA6AAF783468A589BE;4819.
 ) 
Here is how much of TeX's memory you used:
 12699 strings out of 478599
 192752 string characters out of 5853593
 511978 words of memory out of 5000000
 30244 multiletter control sequences out of 15000+600000
 413291 words of font info for 64 fonts, out of 8000000 for 9000
 1141 hyphenation exceptions out of 8191
 62i,17n,75p,689b,457s stack positions out of 5000i,500n,10000p,200000b,80000s
{e:/Software/texlive/2021/texmf-dist/fonts/enc/dvips/cm-super/cm-super-ts1.enc}<e:/Software/texlive/2021/texmf-dist/fonts/type1/public/amsfonts/cm/cmbx10.pfb><e:/Software/texlive/2021/texmf-dist/fonts/type1/public/amsfonts/cm/cmbx12.pfb><e:/Software/texlive/2021/texmf-dist/fonts/type1/public/amsfonts/cm/cmex10.pfb><e:/Software/texlive/2021/texmf-dist/fonts/type1/public/amsfonts/cm/cmmi10.pfb><e:/Software/texlive/2021/texmf-dist/fonts/type1/public/amsfonts/cm/cmmi5.pfb><e:/Software/texlive/2021/texmf-dist/fonts/type1/public/amsfonts/cm/cmmi7.pfb><e:/Software/texlive/2021/texmf-dist/fonts/type1/public/amsfonts/cm/cmr10.pfb><e:/Software/texlive/2021/texmf-dist/fonts/type1/public/amsfonts/cm/cmr12.pfb><e:/Software/texlive/2021/texmf-dist/fonts/type1/public/amsfonts/cm/cmr17.pfb><e:/Software/texlive/2021/texmf-dist/fonts/type1/public/amsfonts/cm/cmr5.pfb><e:/Software/texlive/2021/texmf-dist/fonts/type1/public/amsfonts/cm/cmr7.pfb><e:/Software/texlive/2021/texmf-dist/fonts/type1/public/amsfonts/cm/cmsy10.pfb><e:/Software/texlive/2021/texmf-dist/fonts/type1/public/amsfonts/cm/cmsy5.pfb><e:/Software/texlive/2021/texmf-dist/fonts/type1/public/amsfonts/cm/cmsy7.pfb><e:/Software/texlive/2021/texmf-dist/fonts/type1/public/amsfonts/cm/cmti10.pfb><e:/Software/texlive/2021/texmf-dist/fonts/type1/public/amsfonts/symbols/msbm10.pfb><e:/Software/texlive/2021/texmf-dist/fonts/type1/public/cm-super/sfrm1000.pfb>
Output written on sum1.pdf (29 pages, 504008 bytes).
PDF statistics:
 496 PDF objects out of 1000 (max. 8388607)
 397 compressed objects within 4 object streams
 103 named destinations out of 1000 (max. 500000)
 317 words of extra memory for PDF output out of 10000 (max. 10000000)

